\BOOKMARK [0][-]{chapter*.2}{\376\377\000I\000n\000t\000r\000o\000d\000u\000c\000t\000i\000o\000n}{}% 1
\BOOKMARK [0][-]{chapter.1}{\376\377\000T\000w\000o\000\040\000D\000i\000c\000e}{}% 2
\BOOKMARK [1][-]{section.1.1}{\376\377\000P\000r\000o\000b\000l\000e\000m}{chapter.1}% 3
\BOOKMARK [1][-]{section.1.2}{\376\377\000U\000n\000i\000f\000o\000r\000m\000\040\000D\000i\000s\000t\000r\000i\000b\000u\000t\000i\000o\000n\000:\000\040\000R\000e\000c\000t\000a\000n\000g\000u\000l\000a\000r\000\040\000F\000u\000n\000c\000t\000i\000o\000n}{chapter.1}% 4
\BOOKMARK [1][-]{section.1.3}{\376\377\000S\000u\000m\000\040\000o\000f\000\040\000R\000a\000n\000d\000o\000m\000\040\000V\000a\000r\000i\000a\000b\000l\000e\000s\000:\000\040\000C\000o\000n\000v\000o\000l\000u\000t\000i\000o\000n}{chapter.1}% 5
\BOOKMARK [1][-]{section.1.4}{\376\377\000T\000h\000e\000\040\000T\000r\000i\000a\000n\000g\000u\000l\000a\000r\000\040\000f\000u\000n\000c\000t\000i\000o\000n}{chapter.1}% 6
\BOOKMARK [1][-]{section.1.5}{\376\377\000T\000h\000e\000\040\000Z\000-\000t\000r\000a\000n\000s\000f\000o\000r\000m\000\040}{chapter.1}% 7
\BOOKMARK [0][-]{chapter.2}{\376\377\000P\000i\000n\000g\000a\000l\000a\000\040\000S\000e\000r\000i\000e\000s}{}% 8
\BOOKMARK [1][-]{section.2.1}{\376\377\000J\000E\000E\000\040\0002\0000\0001\0009}{chapter.2}% 9
\BOOKMARK [1][-]{section.2.2}{\376\377\000P\000i\000n\000g\000a\000l\000a\000\040\000S\000e\000r\000i\000e\000s}{chapter.2}% 10
\BOOKMARK [1][-]{section.2.3}{\376\377\000L\000i\000n\000e\000a\000r\000\040\000T\000i\000m\000e\000\040\000I\000n\000v\000a\000r\000i\000a\000n\000t\000\040\000S\000y\000s\000t\000e\000m}{chapter.2}% 11
\BOOKMARK [1][-]{section.2.4}{\376\377\000P\000o\000w\000e\000r\000\040\000o\000f\000\040\000t\000h\000e\000\040\000Z\000\040\000t\000r\000a\000n\000s\000f\000o\000r\000m}{chapter.2}% 12
\BOOKMARK [1][-]{section.2.5}{\376\377\000C\000o\000n\000v\000o\000l\000u\000t\000i\000o\000n}{chapter.2}% 13
\BOOKMARK [0][-]{chapter.3}{\376\377\000C\000i\000r\000c\000u\000i\000t\000s\000\040\000a\000n\000d\000\040\000T\000r\000a\000n\000s\000f\000o\000r\000m\000s}{}% 14
\BOOKMARK [1][-]{section.3.1}{\376\377\000D\000e\000f\000i\000n\000i\000t\000i\000o\000n\000s}{chapter.3}% 15
\BOOKMARK [1][-]{section.3.2}{\376\377\000L\000a\000p\000l\000a\000c\000e\000\040\000T\000r\000a\000n\000s\000f\000o\000r\000m}{chapter.3}% 16
\BOOKMARK [1][-]{section.3.3}{\376\377\000I\000n\000i\000t\000i\000a\000l\000\040\000C\000o\000n\000d\000i\000t\000i\000o\000n\000s}{chapter.3}% 17
\BOOKMARK [1][-]{section.3.4}{\376\377\000B\000i\000l\000i\000n\000e\000a\000r\000\040\000T\000r\000a\000n\000s\000f\000o\000r\000m}{chapter.3}% 18
\BOOKMARK [0][-]{chapter.4}{\376\377\000F\000r\000e\000q\000u\000e\000n\000c\000y\000\040\000M\000o\000d\000u\000l\000a\000t\000i\000o\000n}{}% 19
\BOOKMARK [1][-]{section.4.1}{\376\377\000M\000e\000s\000s\000a\000g\000e}{chapter.4}% 20
\BOOKMARK [1][-]{section.4.2}{\376\377\000T\000r\000a\000n\000s\000m\000i\000t\000t\000e\000r}{chapter.4}% 21
\BOOKMARK [0][-]{appendix.A}{\376\377\000\040\000D\000i\000s\000c\000r\000e\000t\000e\000\040\000F\000o\000u\000r\000i\000e\000r\000\040\000T\000r\000a\000n\000s\000f\000o\000r\000m}{}% 22
\BOOKMARK [1][-]{section.A.1}{\376\377\000F\000F\000T}{appendix.A}% 23
\BOOKMARK [1][-]{section.A.2}{\376\377\000F\000F\000T}{appendix.A}% 24
\BOOKMARK [1][-]{section.A.3}{\376\377\000P\000o\000w\000e\000r\000\040\000S\000p\000e\000c\000t\000r\000a\000l\000\040\000D\000e\000n\000s\000i\000t\000y\000\050\000P\000S\000D\000\051}{appendix.A}% 25
\BOOKMARK [0][-]{appendix.B}{\376\377\000\040\000F\000i\000l\000t\000e\000r\000\040\000D\000e\000s\000i\000g\000n}{}% 26
\BOOKMARK [1][-]{section.B.1}{\376\377\000I\000n\000t\000r\000o\000d\000u\000c\000t\000i\000o\000n}{appendix.B}% 27
\BOOKMARK [1][-]{section.B.2}{\376\377\000F\000i\000l\000t\000e\000r\000\040\000S\000p\000e\000c\000i\000f\000i\000c\000a\000t\000i\000o\000n\000s}{appendix.B}% 28
\BOOKMARK [2][-]{subsection.B.2.1}{\376\377\000T\000h\000e\000\040\000D\000i\000g\000i\000t\000a\000l\000\040\000F\000i\000l\000t\000e\000r}{section.B.2}% 29
\BOOKMARK [2][-]{subsection.B.2.2}{\376\377\000T\000h\000e\000\040\000A\000n\000a\000l\000o\000g\000\040\000f\000i\000l\000t\000e\000r}{section.B.2}% 30
\BOOKMARK [1][-]{section.B.3}{\376\377\000T\000h\000e\000\040\000I\000I\000R\000\040\000F\000i\000l\000t\000e\000r\000\040\000D\000e\000s\000i\000g\000n}{appendix.B}% 31
\BOOKMARK [2][-]{subsection.B.3.1}{\376\377\000T\000h\000e\000\040\000A\000n\000a\000l\000o\000g\000\040\000F\000i\000l\000t\000e\000r}{section.B.3}% 32
\BOOKMARK [2][-]{subsection.B.3.2}{\376\377\000T\000h\000e\000\040\000D\000i\000g\000i\000t\000a\000l\000\040\000F\000i\000l\000t\000e\000r}{section.B.3}% 33
\BOOKMARK [1][-]{section.B.4}{\376\377\000T\000h\000e\000\040\000F\000I\000R\000\040\000F\000i\000l\000t\000e\000r}{appendix.B}% 34
\BOOKMARK [2][-]{subsection.B.4.1}{\376\377\000T\000h\000e\000\040\000E\000q\000u\000i\000v\000a\000l\000e\000n\000t\000\040\000L\000o\000w\000p\000a\000s\000s\000\040\000F\000i\000l\000t\000e\000r}{section.B.4}% 35
\BOOKMARK [2][-]{subsection.B.4.2}{\376\377\000T\000h\000e\000\040\000K\000a\000i\000s\000e\000r\000\040\000W\000i\000n\000d\000o\000w}{section.B.4}% 36
\BOOKMARK [2][-]{subsection.B.4.3}{\376\377\000T\000h\000e\000\040\000F\000I\000R\000\040\000B\000a\000n\000d\000p\000a\000s\000s\000\040\000F\000i\000l\000t\000e\000r}{section.B.4}% 37
